{"sessionId": "602ba8", "runId": "cycle-1", "hypothesisId": "H1", "location": "app.py:pg_ready", "message": "Postgres readiness evaluated", "data": {"pgReady": true, "missingKeys": []}, "timestamp": 1775938647402}
{"sessionId": "602ba8", "runId": "cycle-1", "hypothesisId": "H1", "location": "app.py:pg_ready", "message": "Postgres readiness evaluated", "data": {"pgReady": true, "missingKeys": []}, "timestamp": 1775938754713}
{"sessionId": "602ba8", "runId": "cycle-1", "hypothesisId": "H1", "location": "app.py:pg_ready", "message": "Postgres readiness evaluated", "data": {"pgReady": true, "missingKeys": []}, "timestamp": 1775939064435}
{"sessionId": "602ba8", "runId": "cycle-1", "hypothesisId": "H1", "location": "app.py:pg_ready", "message": "Postgres readiness evaluated", "data": {"pgReady": true, "missingKeys": []}, "timestamp": 1775939141222}
{"sessionId": "602ba8", "runId": "cycle-1", "hypothesisId": "H1", "location": "app.py:pg_ready", "message": "Postgres readiness evaluated", "data": {"pgReady": true, "missingKeys": []}, "timestamp": 1775939796655}
{"sessionId": "602ba8", "runId": "cycle-1", "hypothesisId": "H2", "location": "app.py:load_db", "message": "Loaded from Postgres", "data": {"source": "postgres", "keys": 0}, "timestamp": 1775939797216}
{"sessionId": "602ba8", "runId": "cycle-1", "hypothesisId": "H3", "location": "app.py:load_db", "message": "Migrated local data to Postgres", "data": {"migratedKeys": 167}, "timestamp": 1775939797827}
{"sessionId": "602ba8", "runId": "cycle-1", "hypothesisId": "H1", "location": "app.py:pg_ready", "message": "Postgres readiness evaluated", "data": {"pgReady": true, "missingKeys": []}, "timestamp": 1775939797842}
{"sessionId": "602ba8", "runId": "cycle-1", "hypothesisId": "H1", "location": "app.py:pg_ready", "message": "Postgres readiness evaluated", "data": {"pgReady": true, "missingKeys": []}, "timestamp": 1775939802815}
{"sessionId": "602ba8", "runId": "cycle-1", "hypothesisId": "H1", "location": "app.py:pg_ready", "message": "Postgres readiness evaluated", "data": {"pgReady": true, "missingKeys": []}, "timestamp": 1775939803251}
{"sessionId": "602ba8", "runId": "cycle-1", "hypothesisId": "H4", "location": "app.py:persist_values", "message": "Detected changed keys for save", "data": {"candidateKeys": 1}, "timestamp": 1775939810184}
{"sessionId": "602ba8", "runId": "cycle-1", "hypothesisId": "H1", "location": "app.py:pg_ready", "message": "Postgres readiness evaluated", "data": {"pgReady": true, "missingKeys": []}, "timestamp": 1775939810185}
{"sessionId": "602ba8", "runId": "cycle-1", "hypothesisId": "H4", "location": "app.py:persist_values", "message": "Detected changed keys for save", "data": {"candidateKeys": 1}, "timestamp": 1775939810223}
{"sessionId": "602ba8", "runId": "cycle-1", "hypothesisId": "H1", "location": "app.py:pg_ready", "message": "Postgres readiness evaluated", "data": {"pgReady": true, "missingKeys": []}, "timestamp": 1775939810224}
{"sessionId": "602ba8", "runId": "cycle-1", "hypothesisId": "H2", "location": "app.py:save_db", "message": "Saved to Postgres", "data": {"keys": 167}, "timestamp": 1775939810773}
{"sessionId": "602ba8", "runId": "cycle-1", "hypothesisId": "H2", "location": "app.py:save_db", "message": "Saved to Postgres", "data": {"keys": 167}, "timestamp": 1775939810850}
{"sessionId": "602ba8", "runId": "cycle-1", "hypothesisId": "H1", "location": "app.py:pg_ready", "message": "Postgres readiness evaluated", "data": {"pgReady": true, "missingKeys": []}, "timestamp": 1775939810858}
{"sessionId": "602ba8", "runId": "cycle-1", "hypothesisId": "H4", "location": "app.py:persist_values", "message": "Detected changed keys for save", "data": {"candidateKeys": 1}, "timestamp": 1775939816305}
{"sessionId": "602ba8", "runId": "cycle-1", "hypothesisId": "H1", "location": "app.py:pg_ready", "message": "Postgres readiness evaluated", "data": {"pgReady": true, "missingKeys": []}, "timestamp": 1775939816306}
{"sessionId": "602ba8", "runId": "cycle-1", "hypothesisId": "H2", "location": "app.py:save_db", "message": "Saved to Postgres", "data": {"keys": 167}, "timestamp": 1775939816933}
{"sessionId": "602ba8", "runId": "cycle-1", "hypothesisId": "H1", "location": "app.py:pg_ready", "message": "Postgres readiness evaluated", "data": {"pgReady": true, "missingKeys": []}, "timestamp": 1775939816939}
{"sessionId": "602ba8", "runId": "cycle-1", "hypothesisId": "H1", "location": "app.py:pg_ready", "message": "Postgres readiness evaluated", "data": {"pgReady": true, "missingKeys": []}, "timestamp": 1775939827493}
{"sessionId": "602ba8", "runId": "cycle-1", "hypothesisId": "H1", "location": "app.py:pg_ready", "message": "Postgres readiness evaluated", "data": {"pgReady": true, "missingKeys": []}, "timestamp": 1775939828762}
